This is pdfTeX, Version 3.141592653-2.6-1.40.22 (TeX Live 2022/dev/Debian) (preloaded format=pdflatex 2026.5.21)  21 MAY 2026 16:35
entering extended mode
 \write18 enabled.
 %&-line parsing enabled.
**manuscript
(./manuscript.tex
LaTeX2e <2021-11-15> patch level 1
L3 programming layer <2022-01-21>
(/usr/share/texlive/texmf-dist/tex/latex/base/article.cls
Document Class: article 2021/10/04 v1.4n Standard LaTeX document class
(/usr/share/texlive/texmf-dist/tex/latex/base/size10.clo
File: size10.clo 2021/10/04 v1.4n Standard LaTeX file (size option)
)
\c@part=\count185
\c@section=\count186
\c@subsection=\count187
\c@subsubsection=\count188
\c@paragraph=\count189
\c@subparagraph=\count190
\c@figure=\count191
\c@table=\count192
\abovecaptionskip=\skip47
\belowcaptionskip=\skip48
\bibindent=\dimen138
) (./acl.sty
Conference Style for ACL
(/usr/share/texlive/texmf-dist/tex/latex/xcolor/xcolor.sty
Package: xcolor 2021/10/31 v2.13 LaTeX color extensions (UK)

(/usr/share/texlive/texmf-dist/tex/latex/graphics-cfg/color.cfg
File: color.cfg 2016/01/02 v1.6 sample color configuration
)
Package xcolor Info: Driver file: pdftex.def on input line 227.

(/usr/share/texlive/texmf-dist/tex/latex/graphics-def/pdftex.def
File: pdftex.def 2020/10/05 v1.2a Graphics/color driver for pdftex
)
(/usr/share/texlive/texmf-dist/tex/latex/colortbl/colortbl.sty
Package: colortbl 2020/01/04 v1.0e Color table columns (DPC)

(/usr/share/texlive/texmf-dist/tex/latex/tools/array.sty
Package: array 2021/10/04 v2.5f Tabular extension package (FMi)
\col@sep=\dimen139
\ar@mcellbox=\box50
\extrarowheight=\dimen140
\NC@list=\toks16
\extratabsurround=\skip49
\backup@length=\skip50
\ar@cellbox=\box51
)
\everycr=\toks17
\minrowclearance=\skip51
)
\rownum=\count193
Package xcolor Info: Model `cmy' substituted by `cmy0' on input line 1352.
Package xcolor Info: Model `hsb' substituted by `rgb' on input line 1356.
Package xcolor Info: Model `RGB' extended on input line 1368.
Package xcolor Info: Model `HTML' substituted by `rgb' on input line 1370.
Package xcolor Info: Model `Hsb' substituted by `hsb' on input line 1371.
Package xcolor Info: Model `tHsb' substituted by `hsb' on input line 1372.
Package xcolor Info: Model `HSB' substituted by `hsb' on input line 1373.
Package xcolor Info: Model `Gray' substituted by `gray' on input line 1374.
Package xcolor Info: Model `wave' substituted by `hsb' on input line 1375.

(/usr/share/texlive/texmf-dist/tex/latex/graphics/dvipsnam.def
File: dvipsnam.def 2016/06/17 v3.0m Driver-dependent file (DPC,SPQR)
))
(/usr/share/texlive/texmf-dist/tex/latex/lineno/lineno.sty
Package: lineno 2005/11/02 line numbers on paragraphs v4.41
\linenopenalty=\count194
\output=\toks18
\linenoprevgraf=\count195
\linenumbersep=\dimen141
\linenumberwidth=\dimen142
\c@linenumber=\count196
\c@pagewiselinenumber=\count197
\c@LN@truepage=\count198
\c@internallinenumber=\count199
\c@internallinenumbers=\count266
\quotelinenumbersep=\dimen143
\bframerule=\dimen144
\bframesep=\dimen145
\bframebox=\box52
LaTeX Info: Redefining \\ on input line 3056.
)
\cv@tmpc@=\count267
\cv@tmpc=\count268

(/usr/share/texlive/texmf-dist/tex/latex/etoolbox/etoolbox.sty
Package: etoolbox 2020/10/05 v2.5k e-TeX tools for LaTeX (JAW)
\etb@tempcnta=\count269
)
(/usr/share/texlive/texmf-dist/tex/latex/geometry/geometry.sty
Package: geometry 2020/01/02 v5.9 Page Geometry

(/usr/share/texlive/texmf-dist/tex/latex/graphics/keyval.sty
Package: keyval 2014/10/28 v1.15 key=value parser (DPC)
\KV@toks@=\toks19
)
(/usr/share/texlive/texmf-dist/tex/generic/iftex/ifvtex.sty
Package: ifvtex 2019/10/25 v1.7 ifvtex legacy package. Use iftex instead.

(/usr/share/texlive/texmf-dist/tex/generic/iftex/iftex.sty
Package: iftex 2020/03/06 v1.0d TeX engine tests
))
\Gm@cnth=\count270
\Gm@cntv=\count271
\c@Gm@tempcnt=\count272
\Gm@bindingoffset=\dimen146
\Gm@wd@mp=\dimen147
\Gm@odd@mp=\dimen148
\Gm@even@mp=\dimen149
\Gm@layoutwidth=\dimen150
\Gm@layoutheight=\dimen151
\Gm@layouthoffset=\dimen152
\Gm@layoutvoffset=\dimen153
\Gm@dimlist=\toks20
)
\titlebox=\skip52

(/usr/share/texlive/texmf-dist/tex/latex/caption/caption.sty
Package: caption 2020/10/26 v3.5g Customizing captions (AR)

(/usr/share/texlive/texmf-dist/tex/latex/caption/caption3.sty
Package: caption3 2020/10/21 v2.2e caption3 kernel (AR)
\captionmargin=\dimen154
\captionmargin@=\dimen155
\captionwidth=\dimen156
\caption@tempdima=\dimen157
\caption@indent=\dimen158
\caption@parindent=\dimen159
\caption@hangindent=\dimen160
Package caption Info: Standard document class detected.
)
\c@caption@flags=\count273
\c@continuedfloat=\count274
)
(/usr/share/texlive/texmf-dist/tex/latex/natbib/natbib.sty
Package: natbib 2010/09/13 8.31b (PWD, AO)
\bibhang=\skip53
\bibsep=\skip54
LaTeX Info: Redefining \cite on input line 694.
\c@NAT@ctr=\count275
)
(/usr/share/texlive/texmf-dist/tex/latex/hyperref/hyperref.sty
Package: hyperref 2021-06-07 v7.00m Hypertext links for LaTeX

(/usr/share/texlive/texmf-dist/tex/generic/ltxcmds/ltxcmds.sty
Package: ltxcmds 2020-05-10 v1.25 LaTeX kernel commands for general use (HO)
)
(/usr/share/texlive/texmf-dist/tex/generic/pdftexcmds/pdftexcmds.sty
Package: pdftexcmds 2020-06-27 v0.33 Utility functions of pdfTeX for LuaTeX (HO
)

(/usr/share/texlive/texmf-dist/tex/generic/infwarerr/infwarerr.sty
Package: infwarerr 2019/12/03 v1.5 Providing info/warning/error messages (HO)
)
Package pdftexcmds Info: \pdf@primitive is available.
Package pdftexcmds Info: \pdf@ifprimitive is available.
Package pdftexcmds Info: \pdfdraftmode found.
)
(/usr/share/texlive/texmf-dist/tex/generic/kvsetkeys/kvsetkeys.sty
Package: kvsetkeys 2019/12/15 v1.18 Key value parser (HO)
)
(/usr/share/texlive/texmf-dist/tex/generic/kvdefinekeys/kvdefinekeys.sty
Package: kvdefinekeys 2019-12-19 v1.6 Define keys (HO)
)
(/usr/share/texlive/texmf-dist/tex/generic/pdfescape/pdfescape.sty
Package: pdfescape 2019/12/09 v1.15 Implements pdfTeX's escape features (HO)
)
(/usr/share/texlive/texmf-dist/tex/latex/hycolor/hycolor.sty
Package: hycolor 2020-01-27 v1.10 Color options for hyperref/bookmark (HO)
)
(/usr/share/texlive/texmf-dist/tex/latex/letltxmacro/letltxmacro.sty
Package: letltxmacro 2019/12/03 v1.6 Let assignment for LaTeX macros (HO)
)
(/usr/share/texlive/texmf-dist/tex/latex/auxhook/auxhook.sty
Package: auxhook 2019-12-17 v1.6 Hooks for auxiliary files (HO)
)
(/usr/share/texlive/texmf-dist/tex/latex/kvoptions/kvoptions.sty
Package: kvoptions 2020-10-07 v3.14 Key value format for package options (HO)
)
\@linkdim=\dimen161
\Hy@linkcounter=\count276
\Hy@pagecounter=\count277

(/usr/share/texlive/texmf-dist/tex/latex/hyperref/pd1enc.def
File: pd1enc.def 2021-06-07 v7.00m Hyperref: PDFDocEncoding definition (HO)
Now handling font encoding PD1 ...
... no UTF-8 mapping file for font encoding PD1
)
(/usr/share/texlive/texmf-dist/tex/latex/hyperref/hyperref-langpatches.def
File: hyperref-langpatches.def 2021-06-07 v7.00m Hyperref: patches for babel la
nguages
)
(/usr/share/texlive/texmf-dist/tex/generic/intcalc/intcalc.sty
Package: intcalc 2019/12/15 v1.3 Expandable calculations with integers (HO)
)
(/usr/share/texlive/texmf-dist/tex/generic/etexcmds/etexcmds.sty
Package: etexcmds 2019/12/15 v1.7 Avoid name clashes with e-TeX commands (HO)
)
\Hy@SavedSpaceFactor=\count278

(/usr/share/texlive/texmf-dist/tex/latex/hyperref/puenc.def
File: puenc.def 2021-06-07 v7.00m Hyperref: PDF Unicode definition (HO)
Now handling font encoding PU ...
... no UTF-8 mapping file for font encoding PU
)
Package hyperref Info: Option `breaklinks' set `true' on input line 4073.
Package hyperref Info: Hyper figures OFF on input line 4192.
Package hyperref Info: Link nesting OFF on input line 4197.
Package hyperref Info: Hyper index ON on input line 4200.
Package hyperref Info: Plain pages OFF on input line 4207.
Package hyperref Info: Backreferencing OFF on input line 4212.
Package hyperref Info: Implicit mode ON; LaTeX internals redefined.
Package hyperref Info: Bookmarks ON on input line 4445.
\c@Hy@tempcnt=\count279

(/usr/share/texlive/texmf-dist/tex/latex/url/url.sty
\Urlmuskip=\muskip16
Package: url 2013/09/16  ver 3.4  Verb mode for urls, etc.
)
LaTeX Info: Redefining \url on input line 4804.
\XeTeXLinkMargin=\dimen162

(/usr/share/texlive/texmf-dist/tex/generic/bitset/bitset.sty
Package: bitset 2019/12/09 v1.3 Handle bit-vector datatype (HO)

(/usr/share/texlive/texmf-dist/tex/generic/bigintcalc/bigintcalc.sty
Package: bigintcalc 2019/12/15 v1.5 Expandable calculations on big integers (HO
)
))
\Fld@menulength=\count280
\Field@Width=\dimen163
\Fld@charsize=\dimen164
Package hyperref Info: Hyper figures OFF on input line 6076.
Package hyperref Info: Link nesting OFF on input line 6081.
Package hyperref Info: Hyper index ON on input line 6084.
Package hyperref Info: backreferencing OFF on input line 6091.
Package hyperref Info: Link coloring OFF on input line 6096.
Package hyperref Info: Link coloring with OCG OFF on input line 6101.
Package hyperref Info: PDF/A mode OFF on input line 6106.
LaTeX Info: Redefining \ref on input line 6146.
LaTeX Info: Redefining \pageref on input line 6150.

(/usr/share/texlive/texmf-dist/tex/latex/base/atbegshi-ltx.sty
Package: atbegshi-ltx 2021/01/10 v1.0c Emulation of the original atbegshi
package with kernel methods
)
\Hy@abspage=\count281
\c@Item=\count282
\c@Hfootnote=\count283
)
Package hyperref Info: Driver (autodetected): hpdftex.

(/usr/share/texlive/texmf-dist/tex/latex/hyperref/hpdftex.def
File: hpdftex.def 2021-06-07 v7.00m Hyperref driver for pdfTeX

(/usr/share/texlive/texmf-dist/tex/latex/base/atveryend-ltx.sty
Package: atveryend-ltx 2020/08/19 v1.0a Emulation of the original atveryend pac
kage
with kernel methods
)
\Fld@listcount=\count284
\c@bookmark@seq@number=\count285

(/usr/share/texlive/texmf-dist/tex/latex/rerunfilecheck/rerunfilecheck.sty
Package: rerunfilecheck 2019/12/05 v1.9 Rerun checks for auxiliary files (HO)

(/usr/share/texlive/texmf-dist/tex/generic/uniquecounter/uniquecounter.sty
Package: uniquecounter 2019/12/15 v1.4 Provide unlimited unique counter (HO)
)
Package uniquecounter Info: New unique counter `rerunfilecheck' on input line 2
86.
)
\Hy@SectionHShift=\skip55
)
Package hyperref Info: Option `colorlinks' set `true' on input line 305.
)
(/usr/share/texlive/texmf-dist/tex/latex/adjustbox/adjustbox.sty
Package: adjustbox 2020/08/19 v1.3 Adjusting TeX boxes (trim, clip, ...)

(/usr/share/texlive/texmf-dist/tex/latex/xkeyval/xkeyval.sty
Package: xkeyval 2020/11/20 v2.8 package option processing (HA)

(/usr/share/texlive/texmf-dist/tex/generic/xkeyval/xkeyval.tex
(/usr/share/texlive/texmf-dist/tex/generic/xkeyval/xkvutils.tex
\XKV@toks=\toks21
\XKV@tempa@toks=\toks22
)
\XKV@depth=\count286
File: xkeyval.tex 2014/12/03 v2.7a key=value parser (HA)
))
(/usr/share/texlive/texmf-dist/tex/latex/adjustbox/adjcalc.sty
Package: adjcalc 2012/05/16 v1.1 Provides advanced setlength with multiple back
-ends (calc, etex, pgfmath)
)
(/usr/share/texlive/texmf-dist/tex/latex/adjustbox/trimclip.sty
Package: trimclip 2020/08/19 v1.2 Trim and clip general TeX material

(/usr/share/texlive/texmf-dist/tex/latex/graphics/graphicx.sty
Package: graphicx 2021/09/16 v1.2d Enhanced LaTeX Graphics (DPC,SPQR)

(/usr/share/texlive/texmf-dist/tex/latex/graphics/graphics.sty
Package: graphics 2021/03/04 v1.4d Standard LaTeX Graphics (DPC,SPQR)

(/usr/share/texlive/texmf-dist/tex/latex/graphics/trig.sty
Package: trig 2021/08/11 v1.11 sin cos tan (DPC)
)
(/usr/share/texlive/texmf-dist/tex/latex/graphics-cfg/graphics.cfg
File: graphics.cfg 2016/06/04 v1.11 sample graphics configuration
)
Package graphics Info: Driver file: pdftex.def on input line 107.
)
\Gin@req@height=\dimen165
\Gin@req@width=\dimen166
)
(/usr/share/texlive/texmf-dist/tex/latex/collectbox/collectbox.sty
Package: collectbox 2012/05/17 v0.4b Collect macro arguments as boxes
\collectedbox=\box53
)
\tc@llx=\dimen167
\tc@lly=\dimen168
\tc@urx=\dimen169
\tc@ury=\dimen170
Package trimclip Info: Using driver 'tc-pdftex.def'.

(/usr/share/texlive/texmf-dist/tex/latex/adjustbox/tc-pdftex.def
File: tc-pdftex.def 2019/01/04 v2.2 Clipping driver for pdftex
))
\adjbox@Width=\dimen171
\adjbox@Height=\dimen172
\adjbox@Depth=\dimen173
\adjbox@Totalheight=\dimen174
\adjbox@pwidth=\dimen175
\adjbox@pheight=\dimen176
\adjbox@pdepth=\dimen177
\adjbox@ptotalheight=\dimen178

(/usr/share/texlive/texmf-dist/tex/latex/ifoddpage/ifoddpage.sty
Package: ifoddpage 2016/04/23 v1.1 Conditionals for odd/even page detection
\c@checkoddpage=\count287
)
(/usr/share/texlive/texmf-dist/tex/latex/varwidth/varwidth.sty
Package: varwidth 2009/03/30 ver 0.92;  Variable-width minipages
\@vwid@box=\box54
\sift@deathcycles=\count288
\@vwid@loff=\dimen179
\@vwid@roff=\dimen180
))
(/usr/share/texlive/texmf-dist/tex/latex/multirow/multirow.sty
Package: multirow 2021/03/15 v2.8 Span multiple rows of a table
\multirow@colwidth=\skip56
\multirow@cntb=\count289
\multirow@dima=\skip57
\bigstrutjot=\dimen181
)
(/usr/share/texlive/texmf-dist/tex/latex/amsmath/amsmath.sty
Package: amsmath 2021/10/15 v2.17l AMS math features
\@mathmargin=\skip58

For additional information on amsmath, use the `?' option.
(/usr/share/texlive/texmf-dist/tex/latex/amsmath/amstext.sty
Package: amstext 2021/08/26 v2.01 AMS text

(/usr/share/texlive/texmf-dist/tex/latex/amsmath/amsgen.sty
File: amsgen.sty 1999/11/30 v2.0 generic functions
\@emptytoks=\toks23
\ex@=\dimen182
))
(/usr/share/texlive/texmf-dist/tex/latex/amsmath/amsbsy.sty
Package: amsbsy 1999/11/29 v1.2d Bold Symbols
\pmbraise@=\dimen183
)
(/usr/share/texlive/texmf-dist/tex/latex/amsmath/amsopn.sty
Package: amsopn 2021/08/26 v2.02 operator names
)
\inf@bad=\count290
LaTeX Info: Redefining \frac on input line 234.
\uproot@=\count291
\leftroot@=\count292
LaTeX Info: Redefining \overline on input line 399.
\classnum@=\count293
\DOTSCASE@=\count294
LaTeX Info: Redefining \ldots on input line 496.
LaTeX Info: Redefining \dots on input line 499.
LaTeX Info: Redefining \cdots on input line 620.
\Mathstrutbox@=\box55
\strutbox@=\box56
\big@size=\dimen184
LaTeX Font Info:    Redeclaring font encoding OML on input line 743.
LaTeX Font Info:    Redeclaring font encoding OMS on input line 744.
\macc@depth=\count295
\c@MaxMatrixCols=\count296
\dotsspace@=\muskip17
\c@parentequation=\count297
\dspbrk@lvl=\count298
\tag@help=\toks24
\row@=\count299
\column@=\count300
\maxfields@=\count301
\andhelp@=\toks25
\eqnshift@=\dimen185
\alignsep@=\dimen186
\tagshift@=\dimen187
\tagwidth@=\dimen188
\totwidth@=\dimen189
\lineht@=\dimen190
\@envbody=\toks26
\multlinegap=\skip59
\multlinetaggap=\skip60
\mathdisplay@stack=\toks27
LaTeX Info: Redefining \[ on input line 2938.
LaTeX Info: Redefining \] on input line 2939.
)
(/usr/share/texlive/texmf-dist/tex/latex/amsfonts/amssymb.sty
Package: amssymb 2013/01/14 v3.01 AMS font symbols

(/usr/share/texlive/texmf-dist/tex/latex/amsfonts/amsfonts.sty
Package: amsfonts 2013/01/14 v3.01 Basic AMSFonts support
\symAMSa=\mathgroup4
\symAMSb=\mathgroup5
LaTeX Font Info:    Redeclaring math symbol \hbar on input line 98.
LaTeX Font Info:    Overwriting math alphabet `\mathfrak' in version `bold'
(Font)                  U/euf/m/n --> U/euf/b/n on input line 106.
))
(/usr/share/texlive/texmf-dist/tex/latex/amscls/amsthm.sty
Package: amsthm 2020/05/29 v2.20.6
\thm@style=\toks28
\thm@bodyfont=\toks29
\thm@headfont=\toks30
\thm@notefont=\toks31
\thm@headpunct=\toks32
\thm@preskip=\skip61
\thm@postskip=\skip62
\thm@headsep=\skip63
\dth@everypar=\toks33
)
(/usr/share/texlive/texmf-dist/tex/latex/jknapltx/mathrsfs.sty
Package: mathrsfs 1996/01/01 Math RSFS package v1.0 (jk)
\symrsfs=\mathgroup6
)
(/usr/share/texlive/texmf-dist/tex/latex/algorithms/algorithm.sty
Package: algorithm 2009/08/24 v0.1 Document Style `algorithm' - floating enviro
nment

(/usr/share/texlive/texmf-dist/tex/latex/float/float.sty
Package: float 2001/11/08 v1.3d Float enhancements (AL)
\c@float@type=\count302
\float@exts=\toks34
\float@box=\box57
\@float@everytoks=\toks35
\@floatcapt=\box58
)
(/usr/share/texlive/texmf-dist/tex/latex/base/ifthen.sty
Package: ifthen 2020/11/24 v1.1c Standard LaTeX ifthen package (DPC)
)
\@float@every@algorithm=\toks36
\c@algorithm=\count303
)
(/usr/share/texlive/texmf-dist/tex/latex/algorithmicx/algorithmicx.sty
Package: algorithmicx 2005/04/27 v1.2 Algorithmicx

Document Style algorithmicx 1.2 - a greatly improved `algorithmic' style
\c@ALG@line=\count304
\c@ALG@rem=\count305
\c@ALG@nested=\count306
\ALG@tlm=\skip64
\ALG@thistlm=\skip65
\c@ALG@Lnr=\count307
\c@ALG@blocknr=\count308
\c@ALG@storecount=\count309
\c@ALG@tmpcounter=\count310
\ALG@tmplength=\skip66
) (/usr/share/texlive/texmf-dist/tex/latex/algorithmicx/algpseudocode.sty
Package: algpseudocode 

Document Style - pseudocode environments for use with the `algorithmicx' style
) (/usr/share/texlive/texmf-dist/tex/latex/listings/listings.sty
\lst@mode=\count311
\lst@gtempboxa=\box59
\lst@token=\toks37
\lst@length=\count312
\lst@currlwidth=\dimen191
\lst@column=\count313
\lst@pos=\count314
\lst@lostspace=\dimen192
\lst@width=\dimen193
\lst@newlines=\count315
\lst@lineno=\count316
\lst@maxwidth=\dimen194

(/usr/share/texlive/texmf-dist/tex/latex/listings/lstmisc.sty
File: lstmisc.sty 2020/03/24 1.8d (Carsten Heinz)
\c@lstnumber=\count317
\lst@skipnumbers=\count318
\lst@framebox=\box60
)
(/usr/share/texlive/texmf-dist/tex/latex/listings/listings.cfg
File: listings.cfg 2020/03/24 1.8d listings configuration
))
Package: listings 2020/03/24 1.8d (Carsten Heinz)

(/usr/share/texlive/texmf-dist/tex/latex/setspace/setspace.sty
Package: setspace 2011/12/19 v6.7a set line spacing
)
(/usr/share/texlive/texmf-dist/tex/latex/minted/minted.sty
Package: minted 2021/12/24 v2.6 Yet another Pygments shim for LaTeX

(/usr/share/texlive/texmf-dist/tex/latex/fvextra/fvextra.sty
Package: fvextra 2019/02/04 v1.4 fvextra - extensions and patches for fancyvrb

(/usr/share/texlive/texmf-dist/tex/latex/fancyvrb/fancyvrb.sty
Package: fancyvrb 2021/12/21 4.1b verbatim text (tvz,hv)
\FV@CodeLineNo=\count319
\FV@InFile=\read2
\FV@TabBox=\box61
\c@FancyVerbLine=\count320
\FV@StepNumber=\count321
\FV@OutFile=\write3
)
(/usr/share/texlive/texmf-dist/tex/latex/upquote/upquote.sty
Package: upquote 2012/04/19 v1.3 upright-quote and grave-accent glyphs in verba
tim
)
\c@FV@TrueTabGroupLevel=\count322
\c@FV@TrueTabCounter=\count323
\FV@TabBox@Group=\box62
\FV@TmpLength=\skip67
\c@FV@HighlightLinesStart=\count324
\c@FV@HighlightLinesStop=\count325
\FV@LoopCount=\count326
\FV@NCharsBox=\box63
\FV@BreakIndent=\dimen195
\FV@BreakIndentNChars=\count327
\FV@BreakSymbolSepLeft=\dimen196
\FV@BreakSymbolSepLeftNChars=\count328
\FV@BreakSymbolSepRight=\dimen197
\FV@BreakSymbolSepRightNChars=\count329
\FV@BreakSymbolIndentLeft=\dimen198
\FV@BreakSymbolIndentLeftNChars=\count330
\FV@BreakSymbolIndentRight=\dimen199
\FV@BreakSymbolIndentRightNChars=\count331
\c@FancyVerbLineBreakLast=\count332
\FV@LineBox=\box64
\FV@LineIndentBox=\box65
\FV@LineWidth=\dimen256
)
(/usr/share/texlive/texmf-dist/tex/latex/tools/calc.sty
Package: calc 2017/05/25 v4.3 Infix arithmetic (KKT,FJ)
\calc@Acount=\count333
\calc@Bcount=\count334
\calc@Adimen=\dimen257
\calc@Bdimen=\dimen258
\calc@Askip=\skip68
\calc@Bskip=\skip69
LaTeX Info: Redefining \setlength on input line 80.
LaTeX Info: Redefining \addtolength on input line 81.
\calc@Ccount=\count335
\calc@Cskip=\skip70
)
(/usr/share/texlive/texmf-dist/tex/latex/tools/shellesc.sty
Package: shellesc 2019/11/08 v1.0c unified shell escape interface for LaTeX
Package shellesc Info: Unrestricted shell escape enabled on input line 75.
)
(/usr/share/texlive/texmf-dist/tex/latex/ifplatform/ifplatform.sty
Package: ifplatform 2017/10/13 v0.4a Testing for the operating system

(/usr/share/texlive/texmf-dist/tex/generic/catchfile/catchfile.sty
Package: catchfile 2019/12/09 v1.8 Catch the contents of a file (HO)
)
(/usr/share/texlive/texmf-dist/tex/generic/iftex/ifluatex.sty
Package: ifluatex 2019/10/25 v1.5 ifluatex legacy package. Use iftex instead.
)
runsystem(uname -s > "manuscript.w18")...executed.


(./manuscript.w18)
runsystem(rm -- "manuscript.w18")...executed.

)
(/usr/share/texlive/texmf-dist/tex/generic/xstring/xstring.sty
(/usr/share/texlive/texmf-dist/tex/generic/xstring/xstring.tex
\integerpart=\count336
\decimalpart=\count337
)
Package: xstring 2021/07/21 v1.84 String manipulations (CT)
)
(/usr/share/texlive/texmf-dist/tex/latex/framed/framed.sty
Package: framed 2011/10/22 v 0.96: framed or shaded text with page breaks
\OuterFrameSep=\skip71
\fb@frw=\dimen259
\fb@frh=\dimen260
\FrameRule=\dimen261
\FrameSep=\dimen262
)
\minted@appexistsfile=\read3
\minted@bgbox=\box66
\minted@code=\write4
\c@minted@FancyVerbLineTemp=\count338
\c@minted@pygmentizecounter=\count339
\@float@every@listing=\toks38
\c@listing=\count340
)
runsystem(mkdir -p _minted-manuscript)...executed.


(/usr/share/texlive/texmf-dist/tex/latex/tcolorbox/tcolorbox.sty
Package: tcolorbox 2022/01/07 version 5.0.2 text color boxes

(/usr/share/texlive/texmf-dist/tex/latex/pgf/basiclayer/pgf.sty
(/usr/share/texlive/texmf-dist/tex/latex/pgf/utilities/pgfrcs.sty
(/usr/share/texlive/texmf-dist/tex/generic/pgf/utilities/pgfutil-common.tex
\pgfutil@everybye=\toks39
\pgfutil@tempdima=\dimen263
\pgfutil@tempdimb=\dimen264

(/usr/share/texlive/texmf-dist/tex/generic/pgf/utilities/pgfutil-common-lists.t
ex)) (/usr/share/texlive/texmf-dist/tex/generic/pgf/utilities/pgfutil-latex.def
\pgfutil@abb=\box67
) (/usr/share/texlive/texmf-dist/tex/generic/pgf/utilities/pgfrcs.code.tex
(/usr/share/texlive/texmf-dist/tex/generic/pgf/pgf.revision.tex)
Package: pgfrcs 2021/05/15 v3.1.9a (3.1.9a)
))
Package: pgf 2021/05/15 v3.1.9a (3.1.9a)

(/usr/share/texlive/texmf-dist/tex/latex/pgf/basiclayer/pgfcore.sty
(/usr/share/texlive/texmf-dist/tex/latex/pgf/systemlayer/pgfsys.sty
(/usr/share/texlive/texmf-dist/tex/generic/pgf/systemlayer/pgfsys.code.tex
Package: pgfsys 2021/05/15 v3.1.9a (3.1.9a)

(/usr/share/texlive/texmf-dist/tex/generic/pgf/utilities/pgfkeys.code.tex
\pgfkeys@pathtoks=\toks40
\pgfkeys@temptoks=\toks41

(/usr/share/texlive/texmf-dist/tex/generic/pgf/utilities/pgfkeysfiltered.code.t
ex
\pgfkeys@tmptoks=\toks42
))
\pgf@x=\dimen265
\pgf@y=\dimen266
\pgf@xa=\dimen267
\pgf@ya=\dimen268
\pgf@xb=\dimen269
\pgf@yb=\dimen270
\pgf@xc=\dimen271
\pgf@yc=\dimen272
\pgf@xd=\dimen273
\pgf@yd=\dimen274
\w@pgf@writea=\write5
\r@pgf@reada=\read4
\c@pgf@counta=\count341
\c@pgf@countb=\count342
\c@pgf@countc=\count343
\c@pgf@countd=\count344
\t@pgf@toka=\toks43
\t@pgf@tokb=\toks44
\t@pgf@tokc=\toks45
\pgf@sys@id@count=\count345
 (/usr/share/texlive/texmf-dist/tex/generic/pgf/systemlayer/pgf.cfg
File: pgf.cfg 2021/05/15 v3.1.9a (3.1.9a)
)
Driver file for pgf: pgfsys-pdftex.def

(/usr/share/texlive/texmf-dist/tex/generic/pgf/systemlayer/pgfsys-pdftex.def
File: pgfsys-pdftex.def 2021/05/15 v3.1.9a (3.1.9a)

(/usr/share/texlive/texmf-dist/tex/generic/pgf/systemlayer/pgfsys-common-pdf.de
f
File: pgfsys-common-pdf.def 2021/05/15 v3.1.9a (3.1.9a)
)))
(/usr/share/texlive/texmf-dist/tex/generic/pgf/systemlayer/pgfsyssoftpath.code.
tex
File: pgfsyssoftpath.code.tex 2021/05/15 v3.1.9a (3.1.9a)
\pgfsyssoftpath@smallbuffer@items=\count346
\pgfsyssoftpath@bigbuffer@items=\count347
)
(/usr/share/texlive/texmf-dist/tex/generic/pgf/systemlayer/pgfsysprotocol.code.
tex
File: pgfsysprotocol.code.tex 2021/05/15 v3.1.9a (3.1.9a)
))
(/usr/share/texlive/texmf-dist/tex/generic/pgf/basiclayer/pgfcore.code.tex
Package: pgfcore 2021/05/15 v3.1.9a (3.1.9a)

(/usr/share/texlive/texmf-dist/tex/generic/pgf/math/pgfmath.code.tex
(/usr/share/texlive/texmf-dist/tex/generic/pgf/math/pgfmathcalc.code.tex
(/usr/share/texlive/texmf-dist/tex/generic/pgf/math/pgfmathutil.code.tex)
(/usr/share/texlive/texmf-dist/tex/generic/pgf/math/pgfmathparser.code.tex
\pgfmath@dimen=\dimen275
\pgfmath@count=\count348
\pgfmath@box=\box68
\pgfmath@toks=\toks46
\pgfmath@stack@operand=\toks47
\pgfmath@stack@operation=\toks48
)
(/usr/share/texlive/texmf-dist/tex/generic/pgf/math/pgfmathfunctions.code.tex
(/usr/share/texlive/texmf-dist/tex/generic/pgf/math/pgfmathfunctions.basic.code
.tex)
(/usr/share/texlive/texmf-dist/tex/generic/pgf/math/pgfmathfunctions.trigonomet
ric.code.tex)
(/usr/share/texlive/texmf-dist/tex/generic/pgf/math/pgfmathfunctions.random.cod
e.tex)
(/usr/share/texlive/texmf-dist/tex/generic/pgf/math/pgfmathfunctions.comparison
.code.tex)
(/usr/share/texlive/texmf-dist/tex/generic/pgf/math/pgfmathfunctions.base.code.
tex)
(/usr/share/texlive/texmf-dist/tex/generic/pgf/math/pgfmathfunctions.round.code
.tex)
(/usr/share/texlive/texmf-dist/tex/generic/pgf/math/pgfmathfunctions.misc.code.
tex)
(/usr/share/texlive/texmf-dist/tex/generic/pgf/math/pgfmathfunctions.integerari
thmetics.code.tex)))
(/usr/share/texlive/texmf-dist/tex/generic/pgf/math/pgfmathfloat.code.tex
\c@pgfmathroundto@lastzeros=\count349
))
(/usr/share/texlive/texmf-dist/tex/generic/pgf/math/pgfint.code.tex)
(/usr/share/texlive/texmf-dist/tex/generic/pgf/basiclayer/pgfcorepoints.code.te
x
File: pgfcorepoints.code.tex 2021/05/15 v3.1.9a (3.1.9a)
\pgf@picminx=\dimen276
\pgf@picmaxx=\dimen277
\pgf@picminy=\dimen278
\pgf@picmaxy=\dimen279
\pgf@pathminx=\dimen280
\pgf@pathmaxx=\dimen281
\pgf@pathminy=\dimen282
\pgf@pathmaxy=\dimen283
\pgf@xx=\dimen284
\pgf@xy=\dimen285
\pgf@yx=\dimen286
\pgf@yy=\dimen287
\pgf@zx=\dimen288
\pgf@zy=\dimen289
)
(/usr/share/texlive/texmf-dist/tex/generic/pgf/basiclayer/pgfcorepathconstruct.
code.tex
File: pgfcorepathconstruct.code.tex 2021/05/15 v3.1.9a (3.1.9a)
\pgf@path@lastx=\dimen290
\pgf@path@lasty=\dimen291
)
(/usr/share/texlive/texmf-dist/tex/generic/pgf/basiclayer/pgfcorepathusage.code
.tex
File: pgfcorepathusage.code.tex 2021/05/15 v3.1.9a (3.1.9a)
\pgf@shorten@end@additional=\dimen292
\pgf@shorten@start@additional=\dimen293
)
(/usr/share/texlive/texmf-dist/tex/generic/pgf/basiclayer/pgfcorescopes.code.te
x
File: pgfcorescopes.code.tex 2021/05/15 v3.1.9a (3.1.9a)
\pgfpic=\box69
\pgf@hbox=\box70
\pgf@layerbox@main=\box71
\pgf@picture@serial@count=\count350
)
(/usr/share/texlive/texmf-dist/tex/generic/pgf/basiclayer/pgfcoregraphicstate.c
ode.tex
File: pgfcoregraphicstate.code.tex 2021/05/15 v3.1.9a (3.1.9a)
\pgflinewidth=\dimen294
)
(/usr/share/texlive/texmf-dist/tex/generic/pgf/basiclayer/pgfcoretransformation
s.code.tex
File: pgfcoretransformations.code.tex 2021/05/15 v3.1.9a (3.1.9a)
\pgf@pt@x=\dimen295
\pgf@pt@y=\dimen296
\pgf@pt@temp=\dimen297
)
(/usr/share/texlive/texmf-dist/tex/generic/pgf/basiclayer/pgfcorequick.code.tex
File: pgfcorequick.code.tex 2021/05/15 v3.1.9a (3.1.9a)
)
(/usr/share/texlive/texmf-dist/tex/generic/pgf/basiclayer/pgfcoreobjects.code.t
ex
File: pgfcoreobjects.code.tex 2021/05/15 v3.1.9a (3.1.9a)
)
(/usr/share/texlive/texmf-dist/tex/generic/pgf/basiclayer/pgfcorepathprocessing
.code.tex
File: pgfcorepathprocessing.code.tex 2021/05/15 v3.1.9a (3.1.9a)
)
(/usr/share/texlive/texmf-dist/tex/generic/pgf/basiclayer/pgfcorearrows.code.te
x
File: pgfcorearrows.code.tex 2021/05/15 v3.1.9a (3.1.9a)
\pgfarrowsep=\dimen298
)
(/usr/share/texlive/texmf-dist/tex/generic/pgf/basiclayer/pgfcoreshade.code.tex
File: pgfcoreshade.code.tex 2021/05/15 v3.1.9a (3.1.9a)
\pgf@max=\dimen299
\pgf@sys@shading@range@num=\count351
\pgf@shadingcount=\count352
)
(/usr/share/texlive/texmf-dist/tex/generic/pgf/basiclayer/pgfcoreimage.code.tex
File: pgfcoreimage.code.tex 2021/05/15 v3.1.9a (3.1.9a)

(/usr/share/texlive/texmf-dist/tex/generic/pgf/basiclayer/pgfcoreexternal.code.
tex
File: pgfcoreexternal.code.tex 2021/05/15 v3.1.9a (3.1.9a)
\pgfexternal@startupbox=\box72
))
(/usr/share/texlive/texmf-dist/tex/generic/pgf/basiclayer/pgfcorelayers.code.te
x
File: pgfcorelayers.code.tex 2021/05/15 v3.1.9a (3.1.9a)
)
(/usr/share/texlive/texmf-dist/tex/generic/pgf/basiclayer/pgfcoretransparency.c
ode.tex
File: pgfcoretransparency.code.tex 2021/05/15 v3.1.9a (3.1.9a)
)
(/usr/share/texlive/texmf-dist/tex/generic/pgf/basiclayer/pgfcorepatterns.code.
tex
File: pgfcorepatterns.code.tex 2021/05/15 v3.1.9a (3.1.9a)
)
(/usr/share/texlive/texmf-dist/tex/generic/pgf/basiclayer/pgfcorerdf.code.tex
File: pgfcorerdf.code.tex 2021/05/15 v3.1.9a (3.1.9a)
)))
(/usr/share/texlive/texmf-dist/tex/generic/pgf/modules/pgfmoduleshapes.code.tex
File: pgfmoduleshapes.code.tex 2021/05/15 v3.1.9a (3.1.9a)
\pgfnodeparttextbox=\box73
) (/usr/share/texlive/texmf-dist/tex/generic/pgf/modules/pgfmoduleplot.code.tex
File: pgfmoduleplot.code.tex 2021/05/15 v3.1.9a (3.1.9a)
)
(/usr/share/texlive/texmf-dist/tex/latex/pgf/compatibility/pgfcomp-version-0-65
.sty
Package: pgfcomp-version-0-65 2021/05/15 v3.1.9a (3.1.9a)
\pgf@nodesepstart=\dimen300
\pgf@nodesepend=\dimen301
)
(/usr/share/texlive/texmf-dist/tex/latex/pgf/compatibility/pgfcomp-version-1-18
.sty
Package: pgfcomp-version-1-18 2021/05/15 v3.1.9a (3.1.9a)
)) (/usr/share/texlive/texmf-dist/tex/latex/tools/verbatim.sty
Package: verbatim 2020-07-07 v1.5u LaTeX2e package for verbatim enhancements
\every@verbatim=\toks49
\verbatim@line=\toks50
\verbatim@in@stream=\read5
)
(/usr/share/texlive/texmf-dist/tex/latex/environ/environ.sty
Package: environ 2014/05/04 v0.3 A new way to define environments

(/usr/share/texlive/texmf-dist/tex/latex/trimspaces/trimspaces.sty
Package: trimspaces 2009/09/17 v1.1 Trim spaces around a token list
))
\tcb@titlebox=\box74
\tcb@upperbox=\box75
\tcb@lowerbox=\box76
\tcb@phantombox=\box77
\c@tcbbreakpart=\count353
\c@tcblayer=\count354
\c@tcolorbox@number=\count355
\tcb@temp=\box78
\tcb@temp=\box79
\tcb@temp=\box80
\tcb@temp=\box81

(/usr/share/texlive/texmf-dist/tex/latex/tcolorbox/tcbraster.code.tex
Library (tcolorbox): 'tcbraster.code.tex' version '5.0.2'
\c@tcbrastercolumn=\count356
\c@tcbrasterrow=\count357
\c@tcbrasternum=\count358
\c@tcbraster=\count359
) (/usr/share/texlive/texmf-dist/tex/latex/tcolorbox/tcbskins.code.tex
Library (tcolorbox): 'tcbskins.code.tex' version '5.0.2'
(/usr/share/texlive/texmf-dist/tex/latex/pgf/frontendlayer/tikz.sty
(/usr/share/texlive/texmf-dist/tex/latex/pgf/utilities/pgffor.sty
(/usr/share/texlive/texmf-dist/tex/latex/pgf/utilities/pgfkeys.sty
(/usr/share/texlive/texmf-dist/tex/generic/pgf/utilities/pgfkeys.code.tex))
(/usr/share/texlive/texmf-dist/tex/latex/pgf/math/pgfmath.sty
(/usr/share/texlive/texmf-dist/tex/generic/pgf/math/pgfmath.code.tex))
(/usr/share/texlive/texmf-dist/tex/generic/pgf/utilities/pgffor.code.tex
Package: pgffor 2021/05/15 v3.1.9a (3.1.9a)

(/usr/share/texlive/texmf-dist/tex/generic/pgf/math/pgfmath.code.tex)
\pgffor@iter=\dimen302
\pgffor@skip=\dimen303
\pgffor@stack=\toks51
\pgffor@toks=\toks52
))
(/usr/share/texlive/texmf-dist/tex/generic/pgf/frontendlayer/tikz/tikz.code.tex
Package: tikz 2021/05/15 v3.1.9a (3.1.9a)

(/usr/share/texlive/texmf-dist/tex/generic/pgf/libraries/pgflibraryplothandlers
.code.tex
File: pgflibraryplothandlers.code.tex 2021/05/15 v3.1.9a (3.1.9a)
\pgf@plot@mark@count=\count360
\pgfplotmarksize=\dimen304
)
\tikz@lastx=\dimen305
\tikz@lasty=\dimen306
\tikz@lastxsaved=\dimen307
\tikz@lastysaved=\dimen308
\tikz@lastmovetox=\dimen309
\tikz@lastmovetoy=\dimen310
\tikzleveldistance=\dimen311
\tikzsiblingdistance=\dimen312
\tikz@figbox=\box82
\tikz@figbox@bg=\box83
\tikz@tempbox=\box84
\tikz@tempbox@bg=\box85
\tikztreelevel=\count361
\tikznumberofchildren=\count362
\tikznumberofcurrentchild=\count363
\tikz@fig@count=\count364

(/usr/share/texlive/texmf-dist/tex/generic/pgf/modules/pgfmodulematrix.code.tex
File: pgfmodulematrix.code.tex 2021/05/15 v3.1.9a (3.1.9a)
\pgfmatrixcurrentrow=\count365
\pgfmatrixcurrentcolumn=\count366
\pgf@matrix@numberofcolumns=\count367
)
\tikz@expandcount=\count368

(/usr/share/texlive/texmf-dist/tex/generic/pgf/frontendlayer/tikz/libraries/tik
zlibrarytopaths.code.tex
File: tikzlibrarytopaths.code.tex 2021/05/15 v3.1.9a (3.1.9a)
)))
\tcb@waterbox=\box86

(/usr/share/texlive/texmf-dist/tex/latex/tcolorbox/tcbskinsjigsaw.code.tex
Library (tcolorbox): 'tcbskinsjigsaw.code.tex' version '5.0.2'
)) (/usr/share/texlive/texmf-dist/tex/latex/tcolorbox/tcbbreakable.code.tex
Library (tcolorbox): 'tcbbreakable.code.tex' version '5.0.2'
(/usr/share/texlive/texmf-dist/tex/generic/oberdiek/pdfcol.sty
Package: pdfcol 2019/12/29 v1.6 Handle new color stacks for pdfTeX (HO)
)
Package pdfcol Info: New color stack `tcb@breakable' = 1 on input line 23.
\tcb@testbox=\box87
\tcb@totalupperbox=\box88
\tcb@totallowerbox=\box89
)
(/usr/share/texlive/texmf-dist/tex/latex/tcolorbox/tcbhooks.code.tex
Library (tcolorbox): 'tcbhooks.code.tex' version '5.0.2'
) (/usr/share/texlive/texmf-dist/tex/latex/tcolorbox/tcbtheorems.code.tex
Library (tcolorbox): 'tcbtheorems.code.tex' version '5.0.2'
) (/usr/share/texlive/texmf-dist/tex/latex/tcolorbox/tcbfitting.code.tex
Library (tcolorbox): 'tcbfitting.code.tex' version '5.0.2'
\tcbfitdim=\dimen313
\tcb@lowerfitdim=\dimen314
\tcb@upperfitdim=\dimen315
\tcb@cur@hbadness=\count369
) (/usr/share/texlive/texmf-dist/tex/latex/tcolorbox/tcbxparse.code.tex
Library (tcolorbox): 'tcbxparse.code.tex' version '5.0.2'
(/usr/share/texlive/texmf-dist/tex/latex/l3packages/xparse/xparse.sty
(/usr/share/texlive/texmf-dist/tex/latex/l3kernel/expl3.sty
Package: expl3 2022-01-21 L3 programming layer (loader) 

(/usr/share/texlive/texmf-dist/tex/latex/l3backend/l3backend-pdftex.def
File: l3backend-pdftex.def 2022-01-12 L3 backend support: PDF output (pdfTeX)
\l__color_backend_stack_int=\count370
\l__pdf_internal_box=\box90
))
Package: xparse 2022-01-12 L3 Experimental document command parser
))
(/usr/share/texlive/texmf-dist/tex/latex/tcolorbox/tcblistingsutf8.code.tex
Library (tcolorbox): 'tcblistingsutf8.code.tex' version '5.0.2'
(/usr/share/texlive/texmf-dist/tex/latex/tcolorbox/tcblistings.code.tex
Library (tcolorbox): 'tcblistings.code.tex' version '5.0.2'
(/usr/share/texlive/texmf-dist/tex/latex/tcolorbox/tcblistingscore.code.tex
Library (tcolorbox): 'tcblistingscore.code.tex' version '5.0.2'
(/usr/share/texlive/texmf-dist/tex/latex/tcolorbox/tcbprocessing.code.tex
Library (tcolorbox): 'tcbprocessing.code.tex' version '5.0.2'
)
\c@tcblisting=\count371
)) (/usr/share/texlive/texmf-dist/tex/latex/listingsutf8/listingsutf8.sty
Package: listingsutf8 2019-12-10 v1.5 Allow UTF-8 in listings input (HO)

(/usr/share/texlive/texmf-dist/tex/generic/stringenc/stringenc.sty
Package: stringenc 2019/11/29 v1.12 Convert strings between diff. encodings (HO
)
)))
(/usr/share/texlive/texmf-dist/tex/latex/tcolorbox/tcbexternal.code.tex
Library (tcolorbox): 'tcbexternal.code.tex' version '5.0.2'
) (/usr/share/texlive/texmf-dist/tex/latex/tcolorbox/tcbmagazine.code.tex
Library (tcolorbox): 'tcbmagazine.code.tex' version '5.0.2'
) (/usr/share/texlive/texmf-dist/tex/latex/tcolorbox/tcbvignette.code.tex
Library (tcolorbox): 'tcbvignette.code.tex' version '5.0.2'

(/usr/share/texlive/texmf-dist/tex/generic/pgf/frontendlayer/tikz/libraries/tik
zlibraryfadings.code.tex
File: tikzlibraryfadings.code.tex 2021/05/15 v3.1.9a (3.1.9a)

(/usr/share/texlive/texmf-dist/tex/generic/pgf/libraries/pgflibraryfadings.code
.tex
File: pgflibraryfadings.code.tex 2021/05/15 v3.1.9a (3.1.9a)
))) (/usr/share/texlive/texmf-dist/tex/latex/tcolorbox/tcbposter.code.tex
Library (tcolorbox): 'tcbposter.code.tex' version '5.0.2'
)) (/usr/share/texlive/texmf-dist/tex/latex/tools/tabularx.sty
Package: tabularx 2020/01/15 v2.11c `tabularx' package (DPC)
\TX@col@width=\dimen316
\TX@old@table=\dimen317
\TX@old@col=\dimen318
\TX@target=\dimen319
\TX@delta=\dimen320
\TX@cols=\count372
\TX@ftn=\toks53
)
(/usr/share/texlive/texmf-dist/tex/latex/caption/subcaption.sty
Package: subcaption 2020/10/07 v1.3j Sub-captions (AR)
\c@subfigure=\count373
\c@subtable=\count374
)
\c@example=\count375
Package hyperref Info: Option `colorlinks' set `true' on input line 56.
runsystem(which pygmentize && touch manuscript.aex)...executed.

runsystem(rm manuscript.aex)...executed.


(./manuscript.aux)
\openout1 = `manuscript.aux'.

LaTeX Font Info:    Checking defaults for OML/cmm/m/it on input line 66.
LaTeX Font Info:    ... okay on input line 66.
LaTeX Font Info:    Checking defaults for OMS/cmsy/m/n on input line 66.
LaTeX Font Info:    ... okay on input line 66.
LaTeX Font Info:    Checking defaults for OT1/cmr/m/n on input line 66.
LaTeX Font Info:    ... okay on input line 66.
LaTeX Font Info:    Checking defaults for T1/cmr/m/n on input line 66.
LaTeX Font Info:    ... okay on input line 66.
LaTeX Font Info:    Checking defaults for TS1/cmr/m/n on input line 66.
LaTeX Font Info:    ... okay on input line 66.
LaTeX Font Info:    Checking defaults for OMX/cmex/m/n on input line 66.
LaTeX Font Info:    ... okay on input line 66.
LaTeX Font Info:    Checking defaults for U/cmr/m/n on input line 66.
LaTeX Font Info:    ... okay on input line 66.
LaTeX Font Info:    Checking defaults for PD1/pdf/m/n on input line 66.
LaTeX Font Info:    ... okay on input line 66.
LaTeX Font Info:    Checking defaults for PU/pdf/m/n on input line 66.
LaTeX Font Info:    ... okay on input line 66.

(/usr/share/texlive/texmf-dist/tex/context/base/mkii/supp-pdf.mkii
[Loading MPS to PDF converter (version 2006.09.02).]
\scratchcounter=\count376
\scratchdimen=\dimen321
\scratchbox=\box91
\nofMPsegments=\count377
\nofMParguments=\count378
\everyMPshowfont=\toks54
\MPscratchCnt=\count379
\MPscratchDim=\dimen322
\MPnumerator=\count380
\makeMPintoPDFobject=\count381
\everyMPtoPDFconversion=\toks55
) (/usr/share/texlive/texmf-dist/tex/latex/epstopdf-pkg/epstopdf-base.sty
Package: epstopdf-base 2020-01-24 v2.11 Base part for package epstopdf
Package epstopdf-base Info: Redefining graphics rule for `.eps' on input line 4
85.

(/usr/share/texlive/texmf-dist/tex/latex/latexconfig/epstopdf-sys.cfg
File: epstopdf-sys.cfg 2010/07/13 v1.3 Configuration of (r)epstopdf for TeX Liv
e
))
*geometry* driver: auto-detecting
*geometry* detected driver: pdftex
*geometry* verbose mode - [ preamble ] result:
* driver: pdftex
* paper: a4paper
* layout: <same size as paper>
* layoutoffset:(h,v)=(0.0pt,0.0pt)
* modes: heightrounded 
* h-part:(L,W,R)=(71.13188pt, 455.24411pt, 71.13188pt)
* v-part:(T,H,B)=(71.13188pt, 702.78308pt, 71.13188pt)
* \paperwidth=597.50787pt
* \paperheight=845.04684pt
* \textwidth=455.24411pt
* \textheight=706.0pt
* \oddsidemargin=-1.1381pt
* \evensidemargin=-1.1381pt
* \topmargin=-38.1381pt
* \headheight=12.0pt
* \headsep=25.0pt
* \topskip=10.0pt
* \footskip=30.0pt
* \marginparwidth=65.0pt
* \marginparsep=11.0pt
* \columnsep=17.07182pt
* \skip\footins=9.0pt plus 4.0pt minus 2.0pt
* \hoffset=0.0pt
* \voffset=0.0pt
* \mag=1000
* \@twocolumntrue
* \@twosidefalse
* \@mparswitchfalse
* \@reversemarginfalse
* (1in=72.27pt=25.4mm, 1cm=28.453pt)

Package caption Info: Begin \AtBeginDocument code.
Package caption Info: float package is loaded.
Package caption Info: hyperref package is loaded.
Package caption Info: listings package is loaded.
Package caption Info: End \AtBeginDocument code.
Package hyperref Info: Link coloring ON on input line 66.
(/usr/share/texlive/texmf-dist/tex/latex/hyperref/nameref.sty
Package: nameref 2021-04-02 v2.47 Cross-referencing by name of section

(/usr/share/texlive/texmf-dist/tex/latex/refcount/refcount.sty
Package: refcount 2019/12/15 v3.6 Data extraction from label references (HO)
)
(/usr/share/texlive/texmf-dist/tex/generic/gettitlestring/gettitlestring.sty
Package: gettitlestring 2019/12/15 v1.6 Cleanup title references (HO)
)
\c@section@level=\count382
)
LaTeX Info: Redefining \ref on input line 66.
LaTeX Info: Redefining \pageref on input line 66.
LaTeX Info: Redefining \nameref on input line 66.

(./manuscript.out) (./manuscript.out)
\@outlinefile=\write6
\openout6 = `manuscript.out'.


(/usr/share/texlive/texmf-dist/tex/latex/base/textcomp.sty
Package: textcomp 2020/02/02 v2.0n Standard LaTeX package
)
\c@lstlisting=\count383

(/usr/share/texlive/texmf-dist/tex/latex/base/inputenc.sty
Package: inputenc 2021/02/14 v1.3d Input encoding file
\inpenc@prehook=\toks56
\inpenc@posthook=\toks57
)
LaTeX Font Info:    Trying to load font information for U+msa on input line 67.


(/usr/share/texlive/texmf-dist/tex/latex/amsfonts/umsa.fd
File: umsa.fd 2013/01/14 v3.01 AMS symbols A
)
LaTeX Font Info:    Trying to load font information for U+msb on input line 67.


(/usr/share/texlive/texmf-dist/tex/latex/amsfonts/umsb.fd
File: umsb.fd 2013/01/14 v3.01 AMS symbols B
)
LaTeX Font Info:    Trying to load font information for U+rsfs on input line 67
.

(/usr/share/texlive/texmf-dist/tex/latex/jknapltx/ursfs.fd
File: ursfs.fd 1998/03/24 rsfs font definition file (jk)
)
Underfull \hbox (badness 10000) in paragraph at lines 70--71
[]\OT1/cmr/m/n/10 We study rea-son-ing through two
 []


Underfull \hbox (badness 10000) in paragraph at lines 70--71
\OT1/cmr/m/n/10 primitives---recall and state-tracking---
 []


Underfull \hbox (badness 3557) in paragraph at lines 70--71
\OT1/cmr/m/n/10 and ask whether hy-brid ar-chi-tec-tures
 []


Underfull \hbox (badness 10000) in paragraph at lines 70--71
\OT1/cmr/m/n/10 re-cur-rent state up-dates out-per-form
 []


Underfull \hbox (badness 3724) in paragraph at lines 70--71
\OT1/cmr/m/n/10 and reasoning-augmented vari-ants, we
 []


Underfull \hbox (badness 1609) in paragraph at lines 70--71
\OT1/cmr/m/n/10 Think model re-mains ro-bust on tasks
 []


Underfull \hbox (badness 1629) in paragraph at lines 70--71
\OT1/cmr/m/n/10 while the trans-former Think model is
 []


Underfull \hbox (badness 1442) in paragraph at lines 70--71
\OT1/cmr/m/n/10 re-trieval. Parse rate fig-ures re-veal a
 []


Underfull \hbox (badness 5878) in paragraph at lines 75--76
\OT1/cmr/m/n/10 Chain-of-Thought rea-son-ing sub-stan-tially im-
 []


Underfull \hbox (badness 1867) in paragraph at lines 82--83
 []\OT1/cmr/bx/n/10 Reasoning prim-i-tives.[] \OT1/cmr/m/n/10 Fol-low-ing Mer-r
ill et
 []


Underfull \hbox (badness 1259) in paragraph at lines 82--83
\OT1/cmr/m/n/10 al. ([][]Mer-rill et al.[][], [][]2026[][]), we de-com-pose rea
-
 []


Underfull \hbox (badness 5316) in paragraph at lines 82--83
\OT1/cmr/m/n/10 dat-ing struc-tured vari-ables across se-quen-tial
 []


Underfull \hbox (badness 3058) in paragraph at lines 82--83
\OT1/cmr/m/n/10 transformations---and \OT1/cmr/m/it/10 re-call\OT1/cmr/m/n/10 -
--retrieving spe-cific
 []

LaTeX Font Info:    Trying to load font information for OMS+cmtt on input line 
84.
LaTeX Font Info:    No file OMScmtt.fd. on input line 84.

LaTeX Font Warning: Font shape `OMS/cmtt/m/n' undefined
(Font)              using `OMS/cmsy/m/n' instead
(Font)              for symbol `textbraceleft' on input line 84.


Underfull \hbox (badness 10000) in paragraph at lines 84--85
 []\OT1/cmr/bx/n/10 Models.[] \OT1/cmr/m/n/10 We com-pare OLMo3-7B and
 []


Underfull \hbox (badness 5302) in paragraph at lines 84--85
\OT1/cmr/m/n/10 OLMo3-Hybrid-7B ([][]Mer-rill et al.[][], [][]2026[][]), a
 []


Underfull \hbox (badness 3312) in paragraph at lines 84--85
\OT1/cmr/m/n/10 tion sched-ule, and train-ing recipe, in both
 []


Underfull \hbox (badness 10000) in paragraph at lines 84--85
\OT1/cmr/m/n/10 instruction-tuned and reasoning-augmented
 []


Underfull \hbox (badness 10000) in paragraph at lines 84--85
\OT1/cmr/m/n/10 vari-ants: \OT1/cmtt/m/n/10 OLMo-3-7B-\OMS/cmtt/m/n/10 f\OT1/cm
tt/m/n/10 Instruct,Think\OMS/cmtt/m/n/10 g \OT1/cmr/m/n/10 and
 []


Underfull \hbox (badness 10000) in paragraph at lines 84--85
\OT1/cmtt/m/n/10 OLMo-Hybrid-\OMS/cmtt/m/n/10 f\OT1/cmtt/m/n/10 Instruct,Think\
OMS/cmtt/m/n/10 g\OT1/cmtt/m/n/10 -SFT-7B\OT1/cmr/m/n/10 . In-
 []


Underfull \hbox (badness 1043) in paragraph at lines 84--85
\OT1/cmr/m/n/10 vari-ants: tem-per-a-ture 0.0, max 6,000 to-kens;
 []

[1{/var/lib/texmf/fonts/map/pdftex/updmap/pdftex.map}



]
Underfull \hbox (badness 1178) in paragraph at lines 95--96
\OT1/cmr/m/n/10 Under instruction-only prompt-ing, both ar-chi-
 []


Underfull \hbox (badness 4531) in paragraph at lines 95--96
\OT1/cmr/m/n/10 The Think vari-ants di-verge sharply be-yond
 []


Underfull \hbox (badness 4084) in paragraph at lines 95--96
\OT1/cmr/m/n/10 (16\OML/cmm/m/it/10 ; \OT1/cmr/m/n/10 16)$: \OT1/cmtt/m/n/10 OL
Mo-3-7B-Think \OT1/cmr/m/n/10 falls to 0.49 at
 []


Underfull \hbox (badness 10000) in paragraph at lines 95--96
\OT1/cmr/m/n/10 of \OT1/cmtt/m/n/10 OLMo-Hybrid-Think-SFT-7B \OT1/cmr/m/n/10 re
-mains con-
 []


Underfull \hbox (badness 5475) in paragraph at lines 95--96
\OT1/cmr/m/n/10 sis-tently be-low that of \OT1/cmtt/m/n/10 OLMo-Think-SFT-7B\OT
1/cmr/m/n/10 .
 []


Underfull \hbox (badness 10000) in paragraph at lines 95--96
\OT1/cmr/m/n/10 How-ever, this sug-gests that al-though
 []


Underfull \hbox (badness 10000) in paragraph at lines 95--96
\OT1/cmtt/m/n/10 OLMo-Hybrid-Think-SFT-7B \OT1/cmr/m/n/10 pro-duces fewer
 []


Underfull \hbox (badness 1629) in paragraph at lines 95--96
\OT1/cmr/m/n/10 transformer-based Think model, whose degra-
 []


Underfull \hbox (badness 1292) in paragraph at lines 95--96
\OT1/cmr/m/n/10 so-lu-tion qual-ity even when out-put for-mat-ting
 []

<images/accuracy_line_collisions_OLMo-3-7B-Instruct (zero)_OLMo-3-7B-Think (zer
o)_OLMo-Hybrid-Instruct-SFT-7B (zero)_OLMo-Hybrid-Think-SFT-7B (zero).png, id=1
92, 636.6987pt x 333.4056pt>
File: images/accuracy_line_collisions_OLMo-3-7B-Instruct (zero)_OLMo-3-7B-Think
 (zero)_OLMo-Hybrid-Instruct-SFT-7B (zero)_OLMo-Hybrid-Think-SFT-7B (zero).png 
Graphic file (type png)
<use images/accuracy_line_collisions_OLMo-3-7B-Instruct (zero)_OLMo-3-7B-Think 
(zero)_OLMo-Hybrid-Instruct-SFT-7B (zero)_OLMo-Hybrid-Think-SFT-7B (zero).png>
Package pdftex.def Info: images/accuracy_line_collisions_OLMo-3-7B-Instruct (ze
ro)_OLMo-3-7B-Think (zero)_OLMo-Hybrid-Instruct-SFT-7B (zero)_OLMo-Hybrid-Think
-SFT-7B (zero).png  used on input line 99.
(pdftex.def)             Requested size: 219.08614pt x 114.72488pt.
<images/parse_rate_line_collisions_OLMo-3-7B-Instruct (zero)_OLMo-3-7B-Think (z
ero)_OLMo-Hybrid-Instruct-SFT-7B (zero)_OLMo-Hybrid-Think-SFT-7B (zero).png, id
=194, 636.2169pt x 333.4056pt>
File: images/parse_rate_line_collisions_OLMo-3-7B-Instruct (zero)_OLMo-3-7B-Thi
nk (zero)_OLMo-Hybrid-Instruct-SFT-7B (zero)_OLMo-Hybrid-Think-SFT-7B (zero).pn
g Graphic file (type png)
<use images/parse_rate_line_collisions_OLMo-3-7B-Instruct (zero)_OLMo-3-7B-Thin
k (zero)_OLMo-Hybrid-Instruct-SFT-7B (zero)_OLMo-Hybrid-Think-SFT-7B (zero).png
>
Package pdftex.def Info: images/parse_rate_line_collisions_OLMo-3-7B-Instruct (
zero)_OLMo-3-7B-Think (zero)_OLMo-Hybrid-Instruct-SFT-7B (zero)_OLMo-Hybrid-Thi
nk-SFT-7B (zero).png  used on input line 106.
(pdftex.def)             Requested size: 219.08614pt x 114.81137pt.

Underfull \hbox (badness 1448) in paragraph at lines 113--114
\OT1/cmr/m/n/10 (8\OML/cmm/m/it/10 ; \OT1/cmr/m/n/10 8)$. Be-yond $(16\OML/cmm/
m/it/10 ; \OT1/cmr/m/n/10 16)$ the pat-tern re-verses:
 []

<images/accuracy_line_dag_arithmetic_OLMo-3-7B-Instruct (zero)_OLMo-3-7B-Think 
(zero)_OLMo-Hybrid-Instruct-SFT-7B (zero)_OLMo-Hybrid-Think-SFT-7B (zero).png, 
id=197, 636.6987pt x 333.4056pt>
File: images/accuracy_line_dag_arithmetic_OLMo-3-7B-Instruct (zero)_OLMo-3-7B-T
hink (zero)_OLMo-Hybrid-Instruct-SFT-7B (zero)_OLMo-Hybrid-Think-SFT-7B (zero).
png Graphic file (type png)
<use images/accuracy_line_dag_arithmetic_OLMo-3-7B-Instruct (zero)_OLMo-3-7B-Th
ink (zero)_OLMo-Hybrid-Instruct-SFT-7B (zero)_OLMo-Hybrid-Think-SFT-7B (zero).p
ng>
Package pdftex.def Info: images/accuracy_line_dag_arithmetic_OLMo-3-7B-Instruct
 (zero)_OLMo-3-7B-Think (zero)_OLMo-Hybrid-Instruct-SFT-7B (zero)_OLMo-Hybrid-T
hink-SFT-7B (zero).png  used on input line 117.
(pdftex.def)             Requested size: 219.08614pt x 114.72488pt.

Underfull \hbox (badness 10000) in paragraph at lines 126--127
[]\OT1/cmr/bx/n/10 Dyck Lan-guage.
 []


Underfull \hbox (badness 1418) in paragraph at lines 126--127
\OT1/cmr/m/n/10 ac-cu-racy in the study (peak 0.79, never be-
 []


Underfull \hbox (badness 1117) in paragraph at lines 126--127
\OT1/cmr/m/n/10 com-pu-ta-tion even when out-put struc-ture fails
 []

[2 <./images/accuracy_line_collisions_OLMo-3-7B-Instruct (zero)_OLMo-3-7B-Think
 (zero)_OLMo-Hybrid-Instruct-SFT-7B (zero)_OLMo-Hybrid-Think-SFT-7B (zero).png>
 <./images/parse_rate_line_collisions_OLMo-3-7B-Instruct (zero)_OLMo-3-7B-Think
 (zero)_OLMo-Hybrid-Instruct-SFT-7B (zero)_OLMo-Hybrid-Think-SFT-7B (zero).png>
]
Underfull \hbox (badness 1383) in paragraph at lines 134--135
\OT1/cmr/m/n/10 the trans-former col-lapses en-tirely. On DAG
 []


Underfull \hbox (badness 1701) in paragraph at lines 136--137
\OT1/cmr/m/n/10 The clear-est method-olog-i-cal take-away is that
 []

(./manuscript.bbl
Underfull \hbox (badness 4995) in paragraph at lines 28--34
\OT1/cmr/m/n/10 cur-rent depth ap-proach.  \OT1/cmr/m/it/10 arXiv preprint
 []


Underfull \hbox (badness 4713) in paragraph at lines 37--40
[]\OT1/cmr/m/n/10 Subbarao Kamb-ham-pati, Kaya Stechly, and
 []

[3 <./images/accuracy_line_dag_arithmetic_OLMo-3-7B-Instruct (zero)_OLMo-3-7B-T
hink (zero)_OLMo-Hybrid-Instruct-SFT-7B (zero)_OLMo-Hybrid-Think-SFT-7B (zero).
png>]
Underfull \hbox (badness 1888) in paragraph at lines 66--70
\OT1/cmr/m/n/10 guage mod-els: A sur-vey.  \OT1/cmr/m/it/10 arXiv preprint
 []


Underfull \hbox (badness 1418) in paragraph at lines 73--78
\OT1/cmr/m/n/10 Svete, Caia Costello, Pradeep Dasigi, Dirk
 []


Underfull \hbox (badness 5189) in paragraph at lines 81--86
\OT1/cmr/m/n/10 Hasan Ham-moud, Tavish Mc-Don-ald, Ak-
 []


Underfull \hbox (badness 3128) in paragraph at lines 81--86
\OT1/cmr/m/n/10 shat Naik, Ale-sia Ivanova, and 1 oth-ers.
 []


Underfull \hbox (badness 2126) in paragraph at lines 81--86
\OT1/cmr/m/n/10 chain-of-thought rea-son-ing.  \OT1/cmr/m/it/10 arXiv preprint
 []


Underfull \hbox (badness 1968) in paragraph at lines 94--100
[]\OT1/cmr/m/n/10 Jason Wei, Xuezhi Wang, Dale Schu-ur-mans,
 []


Underfull \hbox (badness 1910) in paragraph at lines 110--113
\OT1/cmr/m/n/10 2024a.  Gated delta net-works: Im-prov-ing
 []


Underfull \hbox (badness 2662) in paragraph at lines 110--113
\OT1/cmr/m/n/10 mamba2 with delta rule.  \OT1/cmr/m/it/10 arXiv preprint
 []


Underfull \hbox (badness 2698) in paragraph at lines 125--131
[]\OT1/cmr/m/n/10 Shunyu Yao, Dian Yu, Jef-frey Zhao, Izhak
 []

) [4]
<images/accuracy_line_astro_OLMo-3-7B-Instruct (zero)_OLMo-3-7B-Think (zero)_OL
Mo-Hybrid-Instruct-SFT-7B (zero)_OLMo-Hybrid-Think-SFT-7B (zero).png, id=232, 6
36.6987pt x 333.4056pt>
File: images/accuracy_line_astro_OLMo-3-7B-Instruct (zero)_OLMo-3-7B-Think (zer
o)_OLMo-Hybrid-Instruct-SFT-7B (zero)_OLMo-Hybrid-Think-SFT-7B (zero).png Graph
ic file (type png)
<use images/accuracy_line_astro_OLMo-3-7B-Instruct (zero)_OLMo-3-7B-Think (zero
)_OLMo-Hybrid-Instruct-SFT-7B (zero)_OLMo-Hybrid-Think-SFT-7B (zero).png>
Package pdftex.def Info: images/accuracy_line_astro_OLMo-3-7B-Instruct (zero)_O
LMo-3-7B-Think (zero)_OLMo-Hybrid-Instruct-SFT-7B (zero)_OLMo-Hybrid-Think-SFT-
7B (zero).png  used on input line 160.
(pdftex.def)             Requested size: 219.08614pt x 114.72488pt.
<images/parse_rate_line_astro_OLMo-3-7B-Instruct (zero)_OLMo-3-7B-Think (zero)_
OLMo-Hybrid-Instruct-SFT-7B (zero)_OLMo-Hybrid-Think-SFT-7B (zero).png, id=233,
 636.2169pt x 333.4056pt>
File: images/parse_rate_line_astro_OLMo-3-7B-Instruct (zero)_OLMo-3-7B-Think (z
ero)_OLMo-Hybrid-Instruct-SFT-7B (zero)_OLMo-Hybrid-Think-SFT-7B (zero).png Gra
phic file (type png)
<use images/parse_rate_line_astro_OLMo-3-7B-Instruct (zero)_OLMo-3-7B-Think (ze
ro)_OLMo-Hybrid-Instruct-SFT-7B (zero)_OLMo-Hybrid-Think-SFT-7B (zero).png>
Package pdftex.def Info: images/parse_rate_line_astro_OLMo-3-7B-Instruct (zero)
_OLMo-3-7B-Think (zero)_OLMo-Hybrid-Instruct-SFT-7B (zero)_OLMo-Hybrid-Think-SF
T-7B (zero).png  used on input line 167.
(pdftex.def)             Requested size: 219.08614pt x 114.81137pt.
<images/parse_rate_line_dag_arithmetic_OLMo-3-7B-Instruct (zero)_OLMo-3-7B-Thin
k (zero)_OLMo-Hybrid-Instruct-SFT-7B (zero)_OLMo-Hybrid-Think-SFT-7B (zero).png
, id=234, 636.2169pt x 333.4056pt>
File: images/parse_rate_line_dag_arithmetic_OLMo-3-7B-Instruct (zero)_OLMo-3-7B
-Think (zero)_OLMo-Hybrid-Instruct-SFT-7B (zero)_OLMo-Hybrid-Think-SFT-7B (zero
).png Graphic file (type png)
<use images/parse_rate_line_dag_arithmetic_OLMo-3-7B-Instruct (zero)_OLMo-3-7B-
Think (zero)_OLMo-Hybrid-Instruct-SFT-7B (zero)_OLMo-Hybrid-Think-SFT-7B (zero)
.png>
Package pdftex.def Info: images/parse_rate_line_dag_arithmetic_OLMo-3-7B-Instru
ct (zero)_OLMo-3-7B-Think (zero)_OLMo-Hybrid-Instruct-SFT-7B (zero)_OLMo-Hybrid
-Think-SFT-7B (zero).png  used on input line 174.
(pdftex.def)             Requested size: 219.08614pt x 114.81137pt.
<images/accuracy_line_dyck_OLMo-3-7B-Instruct (zero)_OLMo-3-7B-Think (zero)_OLM
o-Hybrid-Instruct-SFT-7B (zero)_OLMo-Hybrid-Think-SFT-7B (zero).png, id=235, 68
0.0607pt x 333.4056pt>
File: images/accuracy_line_dyck_OLMo-3-7B-Instruct (zero)_OLMo-3-7B-Think (zero
)_OLMo-Hybrid-Instruct-SFT-7B (zero)_OLMo-Hybrid-Think-SFT-7B (zero).png Graphi
c file (type png)
<use images/accuracy_line_dyck_OLMo-3-7B-Instruct (zero)_OLMo-3-7B-Think (zero)
_OLMo-Hybrid-Instruct-SFT-7B (zero)_OLMo-Hybrid-Think-SFT-7B (zero).png>
Package pdftex.def Info: images/accuracy_line_dyck_OLMo-3-7B-Instruct (zero)_OL
Mo-3-7B-Think (zero)_OLMo-Hybrid-Instruct-SFT-7B (zero)_OLMo-Hybrid-Think-SFT-7
B (zero).png  used on input line 181.
(pdftex.def)             Requested size: 219.08614pt x 107.40927pt.


LaTeX Warning: `h' float specifier changed to `ht'.

<images/parse_rate_line_dyck_OLMo-3-7B-Instruct (zero)_OLMo-3-7B-Think (zero)_O
LMo-Hybrid-Instruct-SFT-7B (zero)_OLMo-Hybrid-Think-SFT-7B (zero).png, id=236, 
679.5789pt x 333.4056pt>
File: images/parse_rate_line_dyck_OLMo-3-7B-Instruct (zero)_OLMo-3-7B-Think (ze
ro)_OLMo-Hybrid-Instruct-SFT-7B (zero)_OLMo-Hybrid-Think-SFT-7B (zero).png Grap
hic file (type png)
<use images/parse_rate_line_dyck_OLMo-3-7B-Instruct (zero)_OLMo-3-7B-Think (zer
o)_OLMo-Hybrid-Instruct-SFT-7B (zero)_OLMo-Hybrid-Think-SFT-7B (zero).png>
Package pdftex.def Info: images/parse_rate_line_dyck_OLMo-3-7B-Instruct (zero)_
OLMo-3-7B-Think (zero)_OLMo-Hybrid-Instruct-SFT-7B (zero)_OLMo-Hybrid-Think-SFT
-7B (zero).png  used on input line 188.
(pdftex.def)             Requested size: 219.08614pt x 107.48558pt.

LaTeX Warning: `h' float specifier changed to `ht'.

<images/accuracy_line_olmo_original_OLMo-3-7B-Instruct (zero)_OLMo-3-7B-Think (
zero)_OLMo-Hybrid-Instruct-SFT-7B (zero)_OLMo-Hybrid-Think-SFT-7B (zero).png, i
d=237, 636.6987pt x 333.4056pt>
File: images/accuracy_line_olmo_original_OLMo-3-7B-Instruct (zero)_OLMo-3-7B-Th
ink (zero)_OLMo-Hybrid-Instruct-SFT-7B (zero)_OLMo-Hybrid-Think-SFT-7B (zero).p
ng Graphic file (type png)
<use images/accuracy_line_olmo_original_OLMo-3-7B-Instruct (zero)_OLMo-3-7B-Thi
nk (zero)_OLMo-Hybrid-Instruct-SFT-7B (zero)_OLMo-Hybrid-Think-SFT-7B (zero).pn
g>
Package pdftex.def Info: images/accuracy_line_olmo_original_OLMo-3-7B-Instruct 
(zero)_OLMo-3-7B-Think (zero)_OLMo-Hybrid-Instruct-SFT-7B (zero)_OLMo-Hybrid-Th
ink-SFT-7B (zero).png  used on input line 195.
(pdftex.def)             Requested size: 219.08614pt x 114.72488pt.

LaTeX Warning: `h' float specifier changed to `ht'.

<images/parse_rate_line_olmo_original_OLMo-3-7B-Instruct (zero)_OLMo-3-7B-Think
 (zero)_OLMo-Hybrid-Instruct-SFT-7B (zero)_OLMo-Hybrid-Think-SFT-7B (zero).png,
 id=238, 636.2169pt x 333.4056pt>
File: images/parse_rate_line_olmo_original_OLMo-3-7B-Instruct (zero)_OLMo-3-7B-
Think (zero)_OLMo-Hybrid-Instruct-SFT-7B (zero)_OLMo-Hybrid-Think-SFT-7B (zero)
.png Graphic file (type png)
<use images/parse_rate_line_olmo_original_OLMo-3-7B-Instruct (zero)_OLMo-3-7B-T
hink (zero)_OLMo-Hybrid-Instruct-SFT-7B (zero)_OLMo-Hybrid-Think-SFT-7B (zero).
png>
Package pdftex.def Info: images/parse_rate_line_olmo_original_OLMo-3-7B-Instruc
t (zero)_OLMo-3-7B-Think (zero)_OLMo-Hybrid-Instruct-SFT-7B (zero)_OLMo-Hybrid-
Think-SFT-7B (zero).png  used on input line 202.
(pdftex.def)             Requested size: 219.08614pt x 114.81137pt.

LaTeX Warning: `h' float specifier changed to `ht'.


Overfull \hbox (120.71387pt too wide) in paragraph at lines 261--261
[]\OT1/cmtt/m/n/10 | Planet       | Host Star  | Orbital Period (days) | ... | 

 []


Overfull \hbox (120.71387pt too wide) in paragraph at lines 262--262
[]\OT1/cmtt/m/n/10 | Kepler-423 b | Kepler-423 | 2.684                 | ... |[
] 
 []


Overfull \hbox (120.71387pt too wide) in paragraph at lines 263--263
[]\OT1/cmtt/m/n/10 | TOI-3894 b   | TOI-3894   | 8.798                 | ... |[
] 
 []


Overfull \hbox (15.71478pt too wide) in paragraph at lines 264--264
[]\OT1/cmtt/m/n/10 a, b, c, d = 2.684, 8.798, 5.508, 2.644[] 
 []


Overfull \hbox (162.7135pt too wide) in paragraph at lines 267--267
[]\OT1/cmtt/m/n/10 Options: A) TOI-3894 b  B) Kepler-423 b  C) HAT-P-18 b  D) G
J-436 b[] 
 []


Overfull \hbox (99.71405pt too wide) in paragraph at lines 274--274
[]\OT1/cmtt/m/n/10 Rule: equal-mass elastic collision = velocity exchange. 
 []


Overfull \hbox (36.7146pt too wide) in paragraph at lines 276--276
[]\OT1/cmtt/m/n/10 1. A collides with B   2. B collides with C[] 
 []


Overfull \hbox (20.96474pt too wide) in paragraph at lines 277--277
[]\OT1/cmtt/m/n/10 Velocity of A? A)142  B)57  C)831  D)204[] 
 []


Underfull \vbox (badness 4819) has occurred while \output is active []

 [5

 <./images/accuracy_line_astro_OLMo-3-7B-Instruct (zero)_OLMo-3-7B-Think (zero)
_OLMo-Hybrid-Instruct-SFT-7B (zero)_OLMo-Hybrid-Think-SFT-7B (zero).png> <./ima
ges/parse_rate_line_astro_OLMo-3-7B-Instruct (zero)_OLMo-3-7B-Think (zero)_OLMo
-Hybrid-Instruct-SFT-7B (zero)_OLMo-Hybrid-Think-SFT-7B (zero).png> <./images/p
arse_rate_line_dag_arithmetic_OLMo-3-7B-Instruct (zero)_OLMo-3-7B-Think (zero)_
OLMo-Hybrid-Instruct-SFT-7B (zero)_OLMo-Hybrid-Think-SFT-7B (zero).png> <./imag
es/accuracy_line_dyck_OLMo-3-7B-Instruct (zero)_OLMo-3-7B-Think (zero)_OLMo-Hyb
rid-Instruct-SFT-7B (zero)_OLMo-Hybrid-Think-SFT-7B (zero).png> <./images/parse
_rate_line_dyck_OLMo-3-7B-Instruct (zero)_OLMo-3-7B-Think (zero)_OLMo-Hybrid-In
struct-SFT-7B (zero)_OLMo-Hybrid-Think-SFT-7B (zero).png>]
Overfull \hbox (15.71478pt too wide) in paragraph at lines 294--294
[]\OT1/cmtt/m/n/10 Token at position 4? A) )   B) }   C) ][] 
 []

[6

 <./images/accuracy_line_olmo_original_OLMo-3-7B-Instruct (zero)_OLMo-3-7B-Thin
k (zero)_OLMo-Hybrid-Instruct-SFT-7B (zero)_OLMo-Hybrid-Think-SFT-7B (zero).png
> <./images/parse_rate_line_olmo_original_OLMo-3-7B-Instruct (zero)_OLMo-3-7B-T
hink (zero)_OLMo-Hybrid-Instruct-SFT-7B (zero)_OLMo-Hybrid-Think-SFT-7B (zero).
png>] (./manuscript.aux)

LaTeX Font Warning: Some font shapes were not available, defaults substituted.

Package rerunfilecheck Info: File `manuscript.out' has not changed.
(rerunfilecheck)             Checksum: E10FD95F45117F574DEC75DDA863AFE0;2593.
 ) 
Here is how much of TeX's memory you used:
 34033 strings out of 480247
 691893 string characters out of 5896151
 1041994 words of memory out of 5000000
 51302 multiletter control sequences out of 15000+600000
 481144 words of font info for 72 fonts, out of 8000000 for 9000
 14 hyphenation exceptions out of 8191
 90i,11n,99p,1331b,955s stack positions out of 5000i,500n,10000p,200000b,80000s
{/usr/share/texlive/texmf-dist/fonts/enc/dvips/base/8r.enc}</usr/share/texliv
e/texmf-dist/fonts/type1/public/amsfonts/cm/cmbx10.pfb></usr/share/texlive/texm
f-dist/fonts/type1/public/amsfonts/cm/cmbx12.pfb></usr/share/texlive/texmf-dist
/fonts/type1/public/amsfonts/cm/cmbxti10.pfb></usr/share/texlive/texmf-dist/fon
ts/type1/public/amsfonts/cm/cmmi10.pfb></usr/share/texlive/texmf-dist/fonts/typ
e1/public/amsfonts/cm/cmr10.pfb></usr/share/texlive/texmf-dist/fonts/type1/publ
ic/amsfonts/cm/cmsy10.pfb></usr/share/texlive/texmf-dist/fonts/type1/public/ams
fonts/cm/cmti10.pfb></usr/share/texlive/texmf-dist/fonts/type1/public/amsfonts/
cm/cmtt10.pfb></usr/share/texlive/texmf-dist/fonts/type1/public/amsfonts/cm/cmt
t9.pfb></usr/share/texlive/texmf-dist/fonts/type1/urw/helvetic/uhvb8a.pfb>
Output written on manuscript.pdf (6 pages, 2217117 bytes).
PDF statistics:
 318 PDF objects out of 1000 (max. 8388607)
 243 compressed objects within 3 object streams
 59 named destinations out of 1000 (max. 500000)
 335 words of extra memory for PDF output out of 10000 (max. 10000000)

